
======================================================================
STARTING COMPREHENSIVE N-SCAN
======================================================================

Total measurements: 40 = 10 N × 4 j
Estimated time: ~6 minutes

======================================================================

Press Enter to begin (or Ctrl+C to cancel)...======================================================================
WEEK 1 DAYS 4-5: FULL N-SCANNING STUDY
======================================================================

Configuration:
  Topology: Complete graph (optimal from Day 3)
  N values: [4, 6, 8, 10, 15, 20, 30, 50, 75, 100]
  Spin values: [0.5, 1.0, 1.5, 2.0]
  Hilbert dim: 16

Estimated time: 400 seconds

======================================================================

======================================================================
SPIN j = 0.5
======================================================================
N=   4...   Created complete network: 4 nodes, 6 edges
edges=   6, g=9.500e-120 J, enh=3.00e+00×
N=   6...   Created complete network: 6 nodes, 15 edges
edges=  15, g=2.375e-119 J, enh=7.50e+00×
N=   8...   Created complete network: 8 nodes, 28 edges
edges=  28, g=4.433e-119 J, enh=1.40e+01×
N=  10...   Created complete network: 10 nodes, 45 edges
edges=  45, g=7.125e-119 J, enh=2.25e+01×
N=  15...   Created complete network: 15 nodes, 105 edges
edges= 105, g=1.662e-118 J, enh=5.25e+01×
N=  20...   Created complete network: 20 nodes, 190 edges
edges= 190, g=3.008e-118 J, enh=9.50e+01×
N=  30...   Created complete network: 30 nodes, 435 edges
edges= 435, g=6.887e-118 J, enh=2.17e+02×
N=  50...   Created complete network: 50 nodes, 1225 edges
edges=1225, g=1.940e-117 J, enh=6.12e+02×
N=  75...   Created complete network: 75 nodes, 2775 edges
edges=2775, g=4.394e-117 J, enh=1.39e+03×
N= 100...   Created complete network: 100 nodes, 4950 edges
edges=4950, g=7.837e-117 J, enh=2.48e+03×

Scaling: g(N) = 5.822e-121 × N^2.073
RMS residual: 0.037

======================================================================
SPIN j = 1.0
======================================================================
N=   4...   Created complete network: 4 nodes, 6 edges
edges=   6, g=2.533e-119 J, enh=8.00e+00×
N=   6...   Created complete network: 6 nodes, 15 edges
edges=  15, g=6.333e-119 J, enh=2.00e+01×
N=   8...   Created complete network: 8 nodes, 28 edges
edges=  28, g=1.182e-118 J, enh=3.73e+01×
N=  10...   Created complete network: 10 nodes, 45 edges
edges=  45, g=1.900e-118 J, enh=6.00e+01×
N=  15...   Created complete network: 15 nodes, 105 edges
edges= 105, g=4.433e-118 J, enh=1.40e+02×
N=  20...   Created complete network: 20 nodes, 190 edges
edges= 190, g=8.022e-118 J, enh=2.53e+02×
N=  30...   Created complete network: 30 nodes, 435 edges
edges= 435, g=1.837e-117 J, enh=5.80e+02×
N=  50...   Created complete network: 50 nodes, 1225 edges
edges=1225, g=5.172e-117 J, enh=1.63e+03×
N=  75...   Created complete network: 75 nodes, 2775 edges
edges=2775, g=1.172e-116 J, enh=3.70e+03×
N= 100...   Created complete network: 100 nodes, 4950 edges
edges=4950, g=2.090e-116 J, enh=6.60e+03×

Scaling: g(N) = 1.553e-120 × N^2.073
RMS residual: 0.037

======================================================================
SPIN j = 1.5
======================================================================
N=   4...   Created complete network: 4 nodes, 6 edges
edges=   6, g=4.750e-119 J, enh=1.50e+01×
N=   6...   Created complete network: 6 nodes, 15 edges
edges=  15, g=1.187e-118 J, enh=3.75e+01×
N=   8...   Created complete network: 8 nodes, 28 edges
edges=  28, g=2.217e-118 J, enh=7.00e+01×
N=  10...   Created complete network: 10 nodes, 45 edges
edges=  45, g=3.562e-118 J, enh=1.13e+02×
N=  15...   Created complete network: 15 nodes, 105 edges
edges= 105, g=8.312e-118 J, enh=2.62e+02×
N=  20...   Created complete network: 20 nodes, 190 edges
edges= 190, g=1.504e-117 J, enh=4.75e+02×
N=  30...   Created complete network: 30 nodes, 435 edges
edges= 435, g=3.444e-117 J, enh=1.09e+03×
N=  50...   Created complete network: 50 nodes, 1225 edges
edges=1225, g=9.698e-117 J, enh=3.06e+03×
N=  75...   Created complete network: 75 nodes, 2775 edges
edges=2775, g=2.197e-116 J, enh=6.94e+03×
N= 100...   Created complete network: 100 nodes, 4950 edges
edges=4950, g=3.919e-116 J, enh=1.24e+04×

Scaling: g(N) = 2.911e-120 × N^2.073
RMS residual: 0.037

======================================================================
SPIN j = 2.0
======================================================================
N=   4...   Created complete network: 4 nodes, 6 edges
edges=   6, g=7.600e-119 J, enh=2.40e+01×
N=   6...   Created complete network: 6 nodes, 15 edges
edges=  15, g=1.900e-118 J, enh=6.00e+01×
N=   8...   Created complete network: 8 nodes, 28 edges
edges=  28, g=3.547e-118 J, enh=1.12e+02×
N=  10...   Created complete network: 10 nodes, 45 edges
edges=  45, g=5.700e-118 J, enh=1.80e+02×
N=  15...   Created complete network: 15 nodes, 105 edges
edges= 105, g=1.330e-117 J, enh=4.20e+02×
N=  20...   Created complete network: 20 nodes, 190 edges
edges= 190, g=2.407e-117 J, enh=7.60e+02×
N=  30...   Created complete network: 30 nodes, 435 edges
edges= 435, g=5.510e-117 J, enh=1.74e+03×
N=  50...   Created complete network: 50 nodes, 1225 edges
edges=1225, g=1.552e-116 J, enh=4.90e+03×
N=  75...   Created complete network: 75 nodes, 2775 edges
edges=2775, g=3.515e-116 J, enh=1.11e+04×
N= 100...   Created complete network: 100 nodes, 4950 edges
edges=4950, g=6.270e-116 J, enh=1.98e+04×

Scaling: g(N) = 4.658e-120 × N^2.073
RMS residual: 0.037

======================================================================
COMPREHENSIVE ANALYSIS
======================================================================

1. SCALING EXPONENTS BY SPIN:
Spin j     α          RMS        Assessment
----------------------------------------------------------------------
0.5        2.073      0.037      ✅ Quadratic or better
1.0        2.073      0.037      ✅ Quadratic or better
1.5        2.073      0.037      ✅ Quadratic or better
2.0        2.073      0.037      ✅ Quadratic or better

2. BEST CONFIGURATION:
   Spin: j = 2.0
   Scaling: α = 2.073
   Enhancement (N=100): 1.98e+04×

3. VIABILITY EXTRAPOLATION:

   Target: 10⁶× enhancement (Tier 1 goal)
   Required N: 2.38e+02
   Status: ✅ FEASIBLE (N < 10⁴)

   Target: Warp viability (10⁷¹× enhancement)
   Required N: 2.75e+33
   Status: ⚠️ HIGHLY SPECULATIVE (10²⁰ < N < 10⁴⁰)

4. SCALING CONSISTENCY:
   Day 2 (j=0.5): α = 2.164
   Day 3 (j=0.5): α = 2.164
   Days 4-5 (j=0.5): α = 2.073
   Status: ✅ EXCELLENT (Δα = 0.091)

======================================================================
GENERATING PLOTS
======================================================================

✅ Comprehensive plot saved: week1_days4_5_comprehensive.png

======================================================================
SAVING RESULTS
======================================================================
✅ Data saved: week1_days4_5_data.json

======================================================================
DAYS 4-5 COMPLETE
======================================================================

Key Results:
  Best configuration: j = 2.0, α = 2.073
  Maximum enhancement: 1.98e+04× (at N=100)
  Scaling consistency: α ≈ 2.16 (quadratic) ✅

Conclusion:
  ✅ Collective enhancement validated across extended N range
  ✅ Quadratic scaling confirmed (α ≈ 2)
  ✅ Higher spins boost coupling significantly
  ⚠️  Tier 1 alone insufficient for warp viability

Next: Days 6-7 - Write Week 1 report and make decision

======================================================================
