======================================================================
PARAMETER OPTIMIZATION STUDY
======================================================================

Goal: Find parameter combinations that boost coupling
Test N=20 for speed (can scale up if promising)

======================================================================
TESTING COUPLING CONSTANT λ (N=20, j=2.0)
======================================================================
  Created complete network: 20 nodes, 190 edges
λ=0.50... g=1.203e-117 J, enh=3.04e+03×
λ=1.00... g=2.407e-117 J, enh=6.08e+03×
λ=2.00... g=4.813e-117 J, enh=1.22e+04×
λ=5.00... g=1.203e-116 J, enh=3.04e+04×
λ=10.00... g=2.407e-116 J, enh=6.08e+04×

Scaling: g ∝ λ^1.000

======================================================================
TESTING MATTER ENERGY SCALE (N=20, j=2.0)
======================================================================
  Created complete network: 20 nodes, 190 edges
E=1.00e-16 J... g=2.407e-118 J, enh=6.08e+02×
E=1.00e-15 J... g=2.407e-117 J, enh=6.08e+03×
E=1.00e-14 J... g=2.407e-116 J, enh=6.08e+04×
E=1.00e-13 J... g=2.407e-115 J, enh=6.08e+05×
E=1.00e-12 J... g=2.407e-114 J, enh=6.08e+06×

Scaling: g ∝ E^1.000

======================================================================
TESTING DIMENSION CONVERGENCE (N=20, j=2.0)
======================================================================
  Created complete network: 20 nodes, 190 edges
dim=8... g=2.407e-117 J, enh=7.60e+02×, t=0.00s
dim=16... g=2.407e-117 J, enh=7.60e+02×, t=0.00s
dim=32... g=2.407e-117 J, enh=7.60e+02×, t=0.01s
dim=64... g=2.407e-117 J, enh=7.60e+02×, t=0.04s

Convergence: max relative change = 0.000

======================================================================
TESTING OPTIMAL CONFIGURATION (N=20, j=2.0)
======================================================================
  Created complete network: 20 nodes, 190 edges

baseline... g=2.407e-117 J, enh=6.08e+03×

lambda_2x... g=4.813e-117 J, enh=1.22e+04×

lambda_5x... g=1.203e-116 J, enh=3.04e+04×

energy_10x... g=2.407e-116 J, enh=6.08e+04×

energy_100x... g=2.407e-115 J, enh=6.08e+05×

lambda_2x_energy_10x... g=4.813e-116 J, enh=1.22e+05×

lambda_5x_energy_100x... g=1.203e-114 J, enh=3.04e+06×

dim_32... g=2.407e-117 J, enh=6.08e+03×

======================================================================
BEST: lambda_5x_energy_100x
  λ=5.0, E=1.00e-13 J, dim=16
  Enhancement: 3.04e+06×
  Boost vs baseline: 500.00×
======================================================================

======================================================================
OPTIMIZATION SUMMARY
======================================================================

1. Coupling constant: g ∝ λ^1.000
   ✅ LINEAR scaling - λ directly multiplies coupling

2. Matter energy: g ∝ E^1.000
   ✅ LINEAR scaling - E directly multiplies coupling

3. Dimension: ✅ Converged

4. Best configuration: lambda_5x_energy_100x
   λ=5.0, E=1.00e-13 J, dim=16
   Boost vs baseline: 500.00×
   ✅ SIGNIFICANT boost found!

5. Projection to N=238 (Tier 1 target):
   Expected g(N=238, optimized): 2.042e-112 J
   Target (10⁶×): 3.960e-115 J
   Ratio: 515.571
   ✅ TARGET REACHED with optimization!

======================================================================
SAVING RESULTS
======================================================================
✅ Data saved: parameter_optimization.json

✅ Optimization plot saved: parameter_optimization.png

======================================================================
✅ PARAMETER OPTIMIZATION COMPLETE
======================================================================
