======================================================================
TIER 3 EXPLORATION: EXOTIC ENHANCEMENT MECHANISMS
======================================================================

Goal: Identify mechanisms with potential for 10³⁰-10⁷⁰× boosts
Approach: Toy models to test conceptual ideas

⚠️  WARNING: These are exploratory toy models!
    Real implementations require:
    - Rigorous quantum geometry calculations
    - Renormalization group analysis
    - Self-consistent field equations
======================================================================
TIER 3 MECHANISM 1: CASIMIR-INSPIRED VACUUM ENGINEERING
======================================================================
  Created complete network: 50 nodes, 1225 edges

Baseline (N=50, j=2.0):
  g = 1.552e-116 J
  enh = 4.900e+03×

Casimir-inspired modification:
  Average degree: 49.0
  Vacuum factor: 266.78×
  Effective E: 2.668e-13 J

Results:
  g = 4.139e-114 J
  enh = 1.045e+07×
  Boost vs baseline: 2133.27×
  ✅ SIGNIFICANT boost (2133×)!

======================================================================
TIER 3 MECHANISM 2: TOPOLOGICAL WINDING
======================================================================
  Created complete network: 50 nodes, 1225 edges

Baseline (N=50, j=2.0):
  g = 1.552e-116 J
  enh = 4.900e+03×

Topological modification:
  Edges: 1225
  Independent cycles: 1176
  Topological factor: 3.07
  Effective λ: 1.307

Results:
  g = 2.028e-116 J
  enh = 5.121e+04×
  Boost vs baseline: 10.45×
  ✅ Moderate boost

======================================================================
TIER 3 MECHANISM 3: QUANTUM GEOMETRY BACKREACTION
======================================================================
  Created complete network: 50 nodes, 1225 edges

Baseline (N=50, j=2.0):
  g = 1.552e-116 J
  enh = 4.900e+03×

Iterative backreaction:
  Iteration 1: λ_eff=1.031, g=1.600e-116 J, Δ=0.0310
  Iteration 2: λ_eff=1.032, g=1.601e-116 J, Δ=0.0009
  → Converged!

Results:
  g = 1.601e-116 J
  enh = 4.044e+04×
  Boost vs baseline: 8.25×
  ⚠️  Weak backreaction - need stronger nonlinearity

======================================================================
TIER 3 MECHANISM 4: COMBINED EFFECTS
======================================================================
  Created complete network: 50 nodes, 1225 edges

Baseline (N=50, j=2.0):
  g = 1.552e-116 J
  enh = 4.900e+03×

Applying combined mechanisms...
  Vacuum boost: 266.78×
  Topology boost: 1.31×
  Backreaction boost: ~2.0×
  Combined λ: 2.61
  Combined E: 2.668e-13 J

Results:
  g = 1.082e-113 J
  enh = 2.733e+07×
  Boost vs baseline: 5576.69×
  ✅✅ MAJOR boost (5577×)!

======================================================================
TIER 3 TOY MODEL SUMMARY
======================================================================

CASIMIR:
  Boost: 2133.27×
  Enhancement: 1.045e+07×

TOPOLOGY:
  Boost: 10.45×
  Enhancement: 5.121e+04×

BACKREACTION:
  Boost: 8.25×
  Enhancement: 4.044e+04×

COMBINED:
  Boost: 5576.69×
  Enhancement: 2.733e+07×

======================================================================
BEST TOY MODEL: COMBINED
  Boost: 5576.69×
======================================================================

======================================================================
PROJECTION TO WARP VIABILITY
======================================================================

Current Status:
  Tier 1 (optimized): 4.510e+08×
  Tier 3 boost (toy models): 1.840e+05×
  Projected total: 8.298e+13×

Warp Target: 1.000e+71×
Gap remaining: 1.205e+57× (57.1 orders)
❌ Still 57 orders away
   Toy models insufficient - need real physics

======================================================================
TIER 3 NEXT STEPS
======================================================================

1. Literature Review:
   - Casimir effect in curved spacetime
   - Topological invariants in spin networks
   - Quantum geometry renormalization

2. Rigorous Implementations:
   - Replace toy models with first-principles calculations
   - Validate against known limits
   - Test parameter sensitivities

3. Combined Effects:
   - Study mechanism interactions
   - Identify synergies
   - Characterize phase space

4. Decision Gate (Week 12):
   - Assess realistic boost potential
   - Determine path to warp viability
   - Go/No-Go for Phase E

======================================================================
✅ TIER 3 EXPLORATION COMPLETE
======================================================================
